<?xml version="1.0" encoding="UTF-8"?>
<!-- Generated by org.testng.reporters.JUnitXMLReporter -->
<testsuite ignored="0" hostname="LAPTOP-PJLE7QB8" failures="1" tests="1" name="Assertions" time="0.031" errors="0" timestamp="2020-06-24T11:10:09 EDT">
  <testcase classname="expediatest.Assertions" name="AssertionsRep" time="0.015">
    <failure type="java.lang.AssertionError" message="The following asserts failed:
	expected [Yahoo] but found [gmail],
	expected [false] but found [true]">
      <![CDATA[java.lang.AssertionError: The following asserts failed:
expected [Yahoo] but found [gmail],
expected [false] but found [true]
at expediatest.Assertions.AssertionsRep(Assertions.java:27)
at java.base/java.util.ArrayList.forEach(ArrayList.java:1510)
... Removed 29 stack frames]]>
    </failure>
  </testcase> <!-- AssertionsRep -->
</testsuite> <!-- Assertions -->
